<?xml version="1.0" encoding="UTF-8"?>
<!-- Generated by org.testng.reporters.JUnitXMLReporter -->
<testsuite ignored="0" hostname="DESKTOP-3TLULB1" failures="1" tests="2" name="Occupancy" time="29.618" errors="0" timestamp="2021-04-22T16:30:14 IST">
  <testcase classname="com.qa.occupancy.test.Dashboard2Test" name="dropDwonTest" time="0.151">
    <failure type="java.lang.AssertionError" message="expected [true] but found [false]">
      <![CDATA[java.lang.AssertionError: expected [true] but found [false]
at com.qa.occupancy.test.Dashboard2Test.dropDwonTest(Dashboard2Test.java:67)
at java.base/java.util.ArrayList.forEach(ArrayList.java:1511)
... Removed 31 stack frames]]>
    </failure>
  </testcase> <!-- dropDwonTest -->
  <testcase classname="com.qa.occupancy.test.Dashboard2Test" name="adminSelect" time="6.168"/>
</testsuite> <!-- Occupancy -->
